selinux-policy-3.14.3-67.el8_4.2.noarch
openblas-srpm-macros-2-2.el8.noarch
libappstream-glib-0.7.14-3.el8.x86_64
libmcpp-2.7.2-20.el8.x86_64
pkgconf-m4-1.4.2-1.el8.noarch
iscsi-initiator-utils-6.2.1.2-1.gita8fcb37.el8.x86_64
libdatrie-0.2.9-7.el8.x86_64
sssd-proxy-2.4.0-9.el8_4.2.x86_64
xorg-x11-server-utils-7.7-27.el8.x86_64
perl-Error-0.17025-2.el8.noarch
device-mapper-multipath-0.8.4-10.el8.x86_64
libgudev-232-4.el8.x86_64
urw-base35-p052-fonts-20170801-10.el8.noarch
python3-setuptools-wheel-39.2.0-6.el8.noarch
gnupg2-smime-2.2.20-2.el8.x86_64
python3-decorator-4.2.1-2.el8.noarch
libtiff-4.0.9-18.el8.x86_64
linux-firmware-20201218-102.git05789708.el8.noarch
keyutils-libs-1.5.10-6.el8.x86_64
python3-gpg-1.13.1-7.el8.x86_64
systemtap-devel-4.4-11.el8_4.x86_64
centos-linux-repos-8-3.el8.noarch
libdhash-0.5.0-39.el8.x86_64
libwbclient-4.13.3-4.el8_4.x86_64
fribidi-1.0.4-8.el8.x86_64
glibc-common-2.28-151.el8.x86_64
NetworkManager-team-1.30.0-10.el8_4.x86_64
boost-regex-1.66.0-10.el8.x86_64
libtalloc-2.3.1-2.el8.x86_64
libidn2-2.2.0-1.el8.x86_64
python3-ply-3.9-9.el8.noarch
libqmi-utils-1.24.0-1.el8.x86_64
libgs-9.27-1.el8.x86_64
sed-4.5-2.el8.x86_64
python3-dnf-plugins-core-4.0.18-4.el8.noarch
libverto-libevent-0.3.0-5.el8.x86_64
jna-4.5.1-5.el8.x86_64
grub2-common-2.02-99.el8_4.1.noarch
libassuan-2.5.1-3.el8.x86_64
tracer-common-0.7.5-2.el8.noarch
rpm-sign-4.14.3-14.el8_4.x86_64
libsmartcols-2.32.1-27.el8.x86_64
attr-2.4.48-3.el8.x86_64
cairo-gobject-1.15.12-3.el8.x86_64
boost-fiber-1.66.0-10.el8.x86_64
e2fsprogs-libs-1.45.6-1.el8.x86_64
libmaxminddb-1.2.0-10.el8.x86_64
glib-networking-2.56.1-1.1.el8.x86_64
boost-program-options-1.66.0-10.el8.x86_64
grub2-pc-modules-2.02-99.el8_4.1.noarch
realmd-0.16.3-22.el8.x86_64
isns-utils-libs-0.99-1.el8.x86_64
libquadmath-8.4.1-1.el8.x86_64
device-mapper-persistent-data-0.8.5-4.el8.x86_64
samba-client-4.13.3-4.el8_4.x86_64
coreutils-common-8.30-8.el8.x86_64
kernel-4.18.0-305.19.1.el8_4.x86_64
python3-schedutils-0.6-6.el8.x86_64
brotli-1.0.6-3.el8.x86_64
libmetalink-0.1.3-7.el8.x86_64
bolt-0.9.1-1.el8.x86_64
libsss_sudo-2.4.0-9.el8_4.2.x86_64
microcode_ctl-20210216-1.20210608.1.el8_4.x86_64
grub2-tools-minimal-2.02-99.el8_4.1.x86_64
perl-File-Path-2.15-2.el8.noarch
xfsprogs-5.0.0-8.el8.x86_64
krb5-libs-1.18.2-8.3.el8_4.x86_64
perl-Storable-3.11-3.el8.x86_64
crontabs-1.11-17.20190603git.el8.noarch
libdb-utils-5.3.28-42.el8_4.x86_64
perl-HTTP-Tiny-0.074-1.el8.noarch
gpm-libs-1.20.7-17.el8.x86_64
kpartx-0.8.4-10.el8.x86_64
iwl6000g2a-firmware-18.168.6.1-102.el8.1.noarch
dbus-tools-1.12.8-12.el8_4.2.x86_64
iwl2000-firmware-18.168.6.1-102.el8.1.noarch
ModemManager-1.10.8-2.el8.x86_64
libdb-5.3.28-42.el8_4.x86_64
nspr-4.32.0-1.el8_4.x86_64
libpwquality-1.4.4-3.el8.x86_64
pkgconf-pkg-config-1.4.2-1.el8.x86_64
libXfixes-5.0.3-7.el8.x86_64
systemd-239-45.el8_4.3.x86_64
patch-2.7.6-11.el8.x86_64
python3-gobject-base-3.28.3-2.el8.x86_64
atk-2.28.1-1.el8.x86_64
iproute-5.9.0-4.el8.x86_64
libXdamage-1.1.4-14.el8.x86_64
python3-libstoragemgmt-1.8.7-1.el8.noarch
nss-sysinit-3.67.0-6.el8_4.x86_64
biosdevname-0.7.3-2.el8.x86_64
cyrus-sasl-gssapi-2.1.27-5.el8.x86_64
glibc-headers-2.28-151.el8.x86_64
ed-1.14.2-4.el8.x86_64
kernel-modules-4.18.0-305.19.1.el8_4.x86_64
valgrind-3.16.0-4.el8.x86_64
mtr-0.92-3.el8.x86_64
lvm2-2.03.11-5.el8.x86_64
libutempter-1.1.6-14.el8.x86_64
man-pages-4.15-6.el8.x86_64
libsecret-0.18.6-1.el8.x86_64
copy-jdk-configs-3.7-4.el8.noarch
os-prober-1.74-6.el8.x86_64
authselect-libs-1.2.2-2.el8.x86_64
libijs-0.35-5.el8.x86_64
sssd-krb5-common-2.4.0-9.el8_4.2.x86_64
gc-7.6.4-3.el8.x86_64
ima-evm-utils-1.3.2-12.el8.x86_64
urw-base35-d050000l-fonts-20170801-10.el8.noarch
polkit-pkla-compat-0.1-12.el8.x86_64
libgcc-8.4.1-1.el8.x86_64
dracut-network-049-135.git20210121.el8.x86_64
urw-base35-fonts-20170801-10.el8.noarch
dnf-data-4.4.2-11.el8.noarch
PackageKit-1.1.12-6.el8.x86_64
jbig2dec-libs-0.16-1.el8.x86_64
kbd-legacy-2.0.4-10.el8.noarch
grep-3.1-6.el8.x86_64
cockpit-ws-238.2-1.el8.x86_64
graphite2-1.3.10-10.el8.x86_64
cronie-1.5.2-4.el8.x86_64
filesystem-3.8-3.el8.x86_64
libacl-2.2.53-1.el8.x86_64
sssd-common-pac-2.4.0-9.el8_4.2.x86_64
librsvg2-2.42.7-4.el8.x86_64
json-glib-1.4.4-1.el8.x86_64
libsepol-2.9-2.el8.x86_64
python3-webencodings-0.5.1-6.el8.noarch
boost-atomic-1.66.0-10.el8.x86_64
python3-dmidecode-3.12.2-15.el8.x86_64
elfutils-libelf-0.182-3.el8.x86_64
gdbm-libs-1.18-1.el8.x86_64
python3-dnf-4.4.2-11.el8.noarch
systemtap-4.4-11.el8_4.x86_64
libzstd-1.4.4-1.el8.x86_64
libtasn1-4.13-3.el8.x86_64
nftables-0.9.3-18.el8.x86_64
valgrind-devel-3.16.0-4.el8.x86_64
file-libs-5.33-16.el8_3.1.x86_64
libXext-1.3.4-1.el8.x86_64
ltrace-0.7.91-28.el8.x86_64
protobuf-c-1.3.0-6.el8.x86_64
keyutils-1.5.10-6.el8.x86_64
cockpit-system-238.2-1.el8.noarch
boost-test-1.66.0-10.el8.x86_64
gobject-introspection-1.56.1-1.el8.x86_64
ethtool-5.8-5.el8.x86_64
libdaemon-0.14-15.el8.x86_64
sssd-ipa-2.4.0-9.el8_4.2.x86_64
boost-locale-1.66.0-10.el8.x86_64
fipscheck-lib-1.5.0-4.el8.x86_64
perl-Errno-1.28-419.el8_4.1.x86_64
libyaml-0.1.7-5.el8.x86_64
yum-4.4.2-11.el8.noarch
boost-devel-1.66.0-10.el8.x86_64
snappy-1.1.8-3.el8.x86_64
nfs-utils-2.3.3-41.el8_4.2.x86_64
libxcb-1.13.1-1.el8.x86_64
ipset-7.1-1.el8.x86_64
NetworkManager-adsl-1.30.0-10.el8_4.x86_64
libndp-1.7-5.el8.x86_64
bzip2-1.0.6-26.el8.x86_64
autofs-5.1.4-48.el8_4.1.x86_64
vim-minimal-8.0.1763-15.el8.x86_64
util-linux-user-2.32.1-27.el8.x86_64
python3-libs-3.6.8-38.el8_4.x86_64
perl-constant-1.33-396.el8.noarch
openldap-clients-2.4.46-17.el8_4.x86_64
platform-python-3.6.8-38.el8_4.x86_64
libgomp-8.4.1-1.el8.x86_64
crypto-policies-scripts-20210209-1.gitbfb6bed.el8_3.noarch
perl-Getopt-Long-2.50-4.el8.noarch
iwl7260-firmware-25.30.13.0-102.el8.1.noarch
xfsdump-3.1.8-2.el8.x86_64
elfutils-libs-0.182-3.el8.x86_64
iwl3945-firmware-15.32.2.9-102.el8.1.noarch
shadow-utils-4.6-12.el8.x86_64
fuse-libs-2.9.7-12.el8.x86_64
NetworkManager-config-server-1.30.0-10.el8_4.noarch
kmod-libs-25-17.el8.x86_64
libini_config-1.3.1-39.el8.x86_64
m4-1.4.18-7.el8.x86_64
systemd-pam-239-45.el8_4.3.x86_64
libXmu-1.1.3-1.el8.x86_64
psacct-6.6.3-4.el8.x86_64
glib2-2.56.4-10.el8_4.1.x86_64
libXinerama-1.1.4-1.el8.x86_64
device-mapper-event-libs-1.02.175-5.el8.x86_64
mokutil-0.3.0-11.el8.x86_64
man-db-2.7.6.1-17.el8.x86_64
gdk-pixbuf2-2.36.12-5.el8.x86_64
nss-softokn-freebl-3.67.0-6.el8_4.x86_64
zip-3.0-23.el8.x86_64
openssl-1.1.1g-15.el8_3.x86_64
docbook-style-xsl-1.79.2-9.el8.noarch
adcli-0.8.2-9.el8.x86_64
gettext-libs-0.19.8.1-17.el8.x86_64
gettext-devel-0.19.8.1-17.el8.x86_64
dos2unix-7.4.0-3.el8.x86_64
python3-setools-4.3.0-2.el8.x86_64
perl-srpm-macros-1-25.el8.noarch
rootfiles-8.1-22.el8.noarch
perl-Fedora-VSP-0.001-9.el8.noarch
python3-pydbus-0.6.0-5.el8.noarch
lua-5.3.4-11.el8.x86_64
libstdc++-devel-8.4.1-1.el8.x86_64
libipt-1.6.1-8.el8.x86_64
xorg-x11-font-utils-7.5-40.el8.x86_64
shared-mime-info-1.9-3.el8.x86_64
libatomic_ops-7.6.2-3.el8.x86_64
elinks-0.12-0.58.pre6.el8.x86_64
libXxf86vm-1.1.4-9.el8.x86_64
emacs-filesystem-26.1-5.el8.noarch
perl-Carp-1.42-396.el8.noarch
urw-base35-c059-fonts-20170801-10.el8.noarch
git-2.27.0-1.el8.x86_64
urw-base35-nimbus-roman-fonts-20170801-10.el8.noarch
bind-license-9.11.26-4.el8_4.noarch
urw-base35-z003-fonts-20170801-10.el8.noarch
libreport-filesystem-2.9.5-15.el8.x86_64
libevent-2.1.8-5.el8.x86_64
lcms2-2.9-2.el8.x86_64
tzdata-2021c-1.el8.noarch
gdk-pixbuf2-modules-2.36.12-5.el8.x86_64
kbd-misc-2.0.4-10.el8.noarch
pcre-8.42-4.el8.x86_64
annobin-9.50-1.el8.x86_64
dbus-common-1.12.8-12.el8_4.2.noarch
libcollection-0.7.0-39.el8.x86_64
gtk-update-icon-cache-3.22.30-6.el8.x86_64
setup-2.12.2-6.el8.noarch
cronie-anacron-1.5.2-4.el8.x86_64
libattr-2.4.48-3.el8.x86_64
go-srpm-macros-2-17.el8.noarch
glibc-all-langpacks-2.28-151.el8.x86_64
audit-libs-3.0-0.17.20191104git1c2f876.el8.x86_64
gtk2-2.24.32-5.el8.x86_64
bash-4.4.20-1.el8_4.x86_64
libuser-0.62-23.el8.x86_64
libmnl-1.0.4-6.el8.x86_64
redhat-rpm-config-125-1.el8.noarch
popt-1.18-1.el8.x86_64
boost-date-time-1.66.0-10.el8.x86_64
libxml2-2.9.7-9.el8_4.2.x86_64
systemtap-client-4.4-11.el8_4.x86_64
libtdb-1.4.3-1.el8.x86_64
usb_modeswitch-2.5.2-1.el8.x86_64
asciidoc-8.6.10-0.5.20180627gitf7c2274.el8.noarch
expat-2.2.5-4.el8.x86_64
gcc-c++-8.4.1-1.el8.x86_64
json-c-0.13.1-0.4.el8.x86_64
intltool-0.51.0-11.el8.noarch
libsemanage-2.9-6.el8.x86_64
bison-3.0.4-10.el8.x86_64
libffi-3.1-22.el8.x86_64
timedatex-0.5-3.el8.x86_64
patchutils-0.3.4-10.el8.x86_64
fstrm-0.6.0-3.el8.1.x86_64
python3-pyudev-0.21.0-7.el8.noarch
libksba-1.3.5-7.el8.x86_64
boost-context-1.66.0-10.el8.x86_64
pciutils-libs-3.7.0-1.el8.x86_64
ModemManager-glib-1.10.8-2.el8.x86_64
boost-type_erasure-1.66.0-10.el8.x86_64
pixman-0.38.4-1.el8.x86_64
boost-serialization-1.66.0-10.el8.x86_64
quota-4.04-12.el8.x86_64
libnetfilter_conntrack-1.0.6-5.el8.x86_64
boost-log-1.66.0-10.el8.x86_64
perl-macros-5.26.3-419.el8_4.1.x86_64
fipscheck-1.5.0-4.el8.x86_64
boost-container-1.66.0-10.el8.x86_64
perl-DBI-1.641-3.module_el8.1.0+199+8f0a6bbd.x86_64
sg3_utils-libs-1.44-5.el8.x86_64
libicu-devel-60.3-2.el8_1.x86_64
libicu-60.3-2.el8_1.x86_64
libss-1.45.6-1.el8.x86_64
python3-slip-0.6.4-11.el8.noarch
libXau-1.0.9-3.el8.x86_64
ipset-libs-7.1-1.el8.x86_64
lmdb-libs-0.9.24-1.el8.x86_64
hdparm-9.54-3.el8.x86_64
libsss_autofs-2.4.0-9.el8_4.2.x86_64
libproxy-0.4.15-5.2.el8.x86_64
psmisc-23.1-5.el8.x86_64
perl-Term-ANSIColor-4.06-396.el8.noarch
pciutils-3.7.0-1.el8.x86_64
perl-Text-Tabs+Wrap-2013.0523-395.el8.noarch
platform-python-setuptools-39.2.0-6.el8.noarch
perl-PathTools-3.74-1.el8.x86_64
libpcap-1.9.1-5.el8.x86_64
openldap-2.4.46-17.el8_4.x86_64
perl-File-Temp-0.230.600-1.el8.noarch
libkcapi-hmaccalc-1.2.0-2.el8.x86_64
perl-Term-Cap-1.17-395.el8.noarch
libcurl-7.61.1-18.el8_4.1.x86_64
perl-Pod-Simple-3.35-395.el8.noarch
gzip-1.9-12.el8.x86_64
perl-Pod-Usage-1.69-395.el8.noarch
elfutils-debuginfod-client-0.182-3.el8.x86_64
libpng-1.6.34-5.el8.x86_64
libmount-2.32.1-27.el8.x86_64
systemd-libs-239-45.el8_4.3.x86_64
ca-certificates-2021.2.50-80.0.el8_4.noarch
ipcalc-0.2.4-4.el8.x86_64
make-4.2.1-10.el8.x86_64
kmod-25-17.el8.x86_64
passwd-0.80-3.el8.x86_64
libpath_utils-0.2.1-39.el8.x86_64
libjpeg-turbo-1.5.3-10.el8.x86_64
dbus-daemon-1.12.8-12.el8_4.2.x86_64
usbutils-010-3.el8.x86_64
libpkgconf-1.4.2-1.el8.x86_64
libmpc-1.1.0-9.1.el8.x86_64
util-linux-2.32.1-27.el8.x86_64
at-3.1.20-11.el8.x86_64
autoconf-2.69-27.el8.noarch
gnutls-3.6.14-8.el8_3.x86_64
libsysfs-2.1.0-24.el8.x86_64
boost-chrono-1.66.0-10.el8.x86_64
trousers-0.3.15-1.el8.x86_64
efivar-libs-37-4.el8.x86_64
polkit-0.115-11.el8_4.1.x86_64
libXi-1.7.10-1.el8.x86_64
libsss_certmap-2.4.0-9.el8_4.2.x86_64
adobe-mappings-cmap-deprecated-20171205-3.el8.noarch
kernel-core-4.18.0-305.19.1.el8_4.x86_64
boost-timer-1.66.0-10.el8.x86_64
avahi-libs-0.7-20.el8.x86_64
zsh-5.5.1-6.el8_1.2.x86_64
boost-filesystem-1.66.0-10.el8.x86_64
libstoragemgmt-1.8.7-1.el8.x86_64
cracklib-dicts-2.9.6-15.el8.x86_64
nss-softokn-3.67.0-6.el8_4.x86_64
openssh-8.0p1-6.el8_4.2.x86_64
sg3_utils-1.44-5.el8.x86_64
libnsl2-1.2.0-2.20180605git4a062cf.el8.x86_64
zlib-devel-1.2.11-17.el8.x86_64
python3-libxml2-2.9.7-9.el8_4.2.x86_64
lksctp-tools-1.0.18-3.el8.x86_64
iptables-ebtables-1.8.4-17.el8.x86_64
glibc-devel-2.28-151.el8.x86_64
glusterfs-6.0-49.1.el8.x86_64
xdelta-3.1.0-4.el8.x86_64
zstd-1.4.4-1.el8.x86_64
python3-libsemanage-2.9-6.el8.x86_64
dosfstools-4.1-6.el8.x86_64
tbb-2018.2-9.el8.x86_64
device-mapper-event-1.02.175-5.el8.x86_64
symlinks-1.4-19.el8.x86_64
perl-XML-Parser-2.44-11.el8.x86_64
pinentry-1.1.0-2.el8.x86_64
libipa_hbac-2.4.0-9.el8_4.2.x86_64
gssproxy-0.8.0-19.el8.x86_64
virt-what-1.18-9.el8_4.x86_64
sssd-krb5-2.4.0-9.el8_4.2.x86_64
rpm-plugin-systemd-inhibit-4.14.3-14.el8_4.x86_64
bind-export-libs-9.11.26-4.el8_4.x86_64
python3-systemd-234-8.el8.x86_64
kexec-tools-2.0.20-46.el8_4.2.x86_64
gpgme-1.13.1-7.el8.x86_64
python3-libdnf-0.55.0-7.el8.x86_64
python3-rpm-4.14.3-14.el8_4.x86_64
logrotate-3.14.0-4.el8.x86_64
samba-client-libs-4.13.3-4.el8_4.x86_64
samba-common-tools-4.13.3-4.el8_4.x86_64
python3-ptyprocess-0.5.2-4.el8.noarch
python3-html5lib-0.999999999-6.el8.noarch
python3-setuptools-39.2.0-6.el8.noarch
kpatch-dnf-0.2-3.el8.noarch
python3-perf-4.18.0-305.19.1.el8_4.x86_64
python3-nftables-0.9.3-18.el8.x86_64
cockpit-packagekit-238.2-1.el8.noarch
libXrender-0.9.10-7.el8.x86_64
python3-gobject-3.28.3-2.el8.x86_64
geolite2-country-20180605-1.el8.noarch
bind-libs-9.11.26-4.el8_4.x86_64
sssd-2.4.0-9.el8_4.2.x86_64
firewalld-0.8.2-7.el8_4.noarch
kpatch-0.9.2-3.el8.noarch
grub2-pc-2.02-99.el8_4.1.x86_64
perf-4.18.0-305.19.1.el8_4.x86_64
rng-tools-6.8-4.el8_4.x86_64
NetworkManager-tui-1.30.0-10.el8_4.x86_64
irqbalance-1.4.0-6.el8.x86_64
mcelog-173-0.el8.x86_64
rasdaemon-0.6.1-5.el8.x86_64
cryptsetup-2.3.3-4.el8.x86_64
ledmon-0.95-1.el8.x86_64
cyrus-sasl-plain-2.1.27-5.el8.x86_64
bpftool-4.18.0-305.19.1.el8_4.x86_64
tar-1.30-5.el8.x86_64
lsof-4.93.2-1.el8.x86_64
iwl6050-firmware-41.28.5.1-102.el8.1.noarch
iwl5150-firmware-8.24.2.2-102.el8.1.noarch
iwl3160-firmware-25.30.13.0-102.el8.1.noarch
iwl105-firmware-18.168.6.1-102.el8.1.noarch
rpm-plugin-selinux-4.14.3-14.el8_4.x86_64
automake-1.16.1-7.el8.noarch
ocaml-srpm-macros-5-4.el8.noarch
libwebp-1.0.0-3.el8_4.x86_64
mcpp-2.7.2-20.el8.x86_64
ncurses-base-6.1-7.20180224.el8.noarch
libfontenc-1.1.3-8.el8.x86_64
gettext-0.19.8.1-17.el8.x86_64
libthai-0.1.27-2.el8.x86_64
mc-4.8.19-9.el8.x86_64
gdb-headless-8.2-15.el8.x86_64
git-core-doc-2.27.0-1.el8.noarch
libxcrypt-4.1.1-4.el8.x86_64
urw-base35-bookman-fonts-20170801-10.el8.noarch
python3-six-1.11.0-8.el8.noarch
perl-Git-2.27.0-1.el8.noarch
xz-libs-5.2.4-3.el8.x86_64
urw-base35-nimbus-mono-ps-fonts-20170801-10.el8.noarch
fontpackages-filesystem-1.44-22.el8.noarch
urw-base35-standard-symbols-ps-fonts-20170801-10.el8.noarch
python3-pip-wheel-9.0.3-19.el8.noarch
readline-7.0-10.el8.x86_64
libXcomposite-0.4.4-14.el8.x86_64
dejavu-sans-mono-fonts-2.35-7.el8.noarch
gd-2.2.5-7.el8.x86_64
libssh-config-0.9.4-2.el8.noarch
libgpg-error-1.31-1.el8.x86_64
gcc-8.4.1-1.el8.x86_64
dhcp-common-4.3.6-44.0.1.el8.noarch
libbasicobjects-0.1.1-39.el8.x86_64
hicolor-icon-theme-0.17-2.el8.noarch
libqmi-1.24.0-1.el8.x86_64
centos-linux-release-8.4-1.2105.el8.noarch
perl-Scalar-List-Utils-1.49-2.el8.x86_64
google-droid-sans-fonts-20120715-13.el8.noarch
libselinux-2.9-5.el8.x86_64
libcap-ng-0.7.9-5.el8.x86_64
pango-1.42.4-6.el8.x86_64
glibc-2.28-151.el8.x86_64
dwz-0.12-9.el8.x86_64
libcom_err-1.45.6-1.el8.x86_64
lua-libs-5.3.4-11.el8.x86_64
source-highlight-3.1.8-17.el8.x86_64
libuuid-2.32.1-27.el8.x86_64
perl-parent-0.237-1.el8.noarch
systemtap-runtime-4.4-11.el8_4.x86_64
sqlite-libs-3.26.0-13.el8.x86_64
libnl3-3.5.0-1.el8.x86_64
graphviz-2.40.1-40.el8.x86_64
usb_modeswitch-data-20191128-1.el8.noarch
chkconfig-1.13-2.el8.x86_64
gdb-8.2-15.el8.x86_64
perl-libs-5.26.3-419.el8_4.1.x86_64
which-2.21-12.el8.x86_64
perl-generators-1.10-9.el8.noarch
libsss_idmap-2.4.0-9.el8_4.2.x86_64
libverto-0.3.0-5.el8.x86_64
pesign-0.112-25.el8.x86_64
freetype-2.9.1-4.el8_3.1.x86_64
libnftnl-1.1.5-4.el8.x86_64
perl-Sys-Syslog-0.35-397.el8.x86_64
python3-configobj-5.0.6-11.el8.noarch
lz4-libs-1.8.3-3.el8_4.x86_64
xz-5.2.4-3.el8.x86_64
byacc-1.9.20170709-4.el8.x86_64
numactl-libs-2.0.12-11.el8.x86_64
diffutils-3.6-6.el8.x86_64
boost-wave-1.66.0-10.el8.x86_64
dbus-glib-0.110-2.el8.x86_64
nettle-3.4.1-4.el8_3.x86_64
boost-signals-1.66.0-10.el8.x86_64
userspace-rcu-0.10.1-4.el8.x86_64
libnfnetlink-1.0.1-13.el8.x86_64
boost-math-1.66.0-10.el8.x86_64
libxslt-1.1.32-6.el8.x86_64
boost-graph-1.66.0-10.el8.x86_64
perl-interpreter-5.26.3-419.el8_4.1.x86_64
ncurses-6.1-7.20180224.el8.x86_64
libquadmath-devel-8.4.1-1.el8.x86_64
libcomps-0.1.11-5.el8.x86_64
newt-0.52.20-11.el8.x86_64
ncurses-devel-6.1-7.20180224.el8.x86_64
libbpf-0.2.0-1.el8.x86_64
python3-slip-dbus-0.6.4-11.el8.noarch
kernel-tools-libs-4.18.0-305.19.1.el8_4.x86_64
python3-pyyaml-3.12-12.el8.x86_64
libstemmer-0-10.585svn.el8.x86_64
acl-2.2.53-1.el8.x86_64
cpio-2.12-10.el8.x86_64
libpsl-0.20.2-6.el8.x86_64
libmodman-2.0.1-17.el8.x86_64
libteam-1.31-2.el8.x86_64
libxkbcommon-0.9.1-1.el8.x86_64
perl-Socket-2.027-3.el8.x86_64
platform-python-pip-9.0.3-19.el8.noarch
libibverbs-32.0-4.el8.x86_64
perl-threads-shared-1.58-2.el8.x86_64
libssh-0.9.4-2.el8.x86_64
perl-Data-Dumper-2.167-399.el8.x86_64
libkcapi-1.2.0-2.el8.x86_64
perl-Pod-Escapes-1.07-395.el8.noarch
curl-7.61.1-18.el8_4.1.x86_64
perl-Encode-2.97-3.el8.x86_64
elfutils-default-yama-scope-0.182-3.el8.noarch
perl-Pod-Perldoc-3.28-396.el8.noarch
cifs-utils-6.8-3.el8.x86_64
device-mapper-1.02.175-5.el8.x86_64
libfdisk-2.32.1-27.el8.x86_64
coreutils-8.30-8.el8.x86_64
c-ares-1.13.0-5.el8.x86_64
device-mapper-libs-1.02.175-5.el8.x86_64
kernel-4.18.0-193.el8.x86_64
rpm-libs-4.14.3-14.el8_4.x86_64
urw-base35-fonts-common-20170801-10.el8.noarch
trousers-lib-0.3.15-1.el8.x86_64
boost-system-1.66.0-10.el8.x86_64
libpipeline-1.5.0-2.el8.x86_64
tmux-2.7-1.el8.x86_64
pam-1.3.1-14.el8.x86_64
libXpm-3.5.12-8.el8.x86_64
libsigsegv-2.11-5.el8.x86_64
grub2-tools-2.02-99.el8_4.1.x86_64
libSM-1.2.3-1.el8.x86_64
mlocate-0.26-20.el8.x86_64
systemd-udev-239-45.el8_4.3.x86_64
xml-common-0.6.3-50.el8.noarch
polkit-libs-0.115-11.el8_4.1.x86_64
python-srpm-macros-3-41.el8.noarch
blktrace-1.2.0-10.el8.x86_64
policycoreutils-2.9-14.el8.x86_64
javapackages-filesystem-5.3.0-1.module_el8.0.0+11+5b8c10bd.noarch
cockpit-bridge-238.2-1.el8.x86_64
python-rpm-macros-3-41.el8.noarch
glusterfs-libs-6.0-49.1.el8.x86_64
libXaw-1.0.13-10.el8.x86_64
NetworkManager-1.30.0-10.el8_4.x86_64
boost-thread-1.66.0-10.el8.x86_64
cracklib-2.9.6-15.el8.x86_64
iputils-20180629-7.el8.x86_64
nss-3.67.0-6.el8_4.x86_64
libtirpc-1.1.4-4.el8.x86_64
iptstate-2.2.6-6.el8.x86_64
python3-audit-3.0-0.17.20191104git1c2f876.el8.x86_64
sgml-common-0.6.3-50.el8.noarch
openssl-pkcs11-0.4.10-2.el8.x86_64
iptables-1.8.4-17.el8.x86_64
kernel-headers-4.18.0-305.19.1.el8_4.x86_64
bc-1.07.1-5.el8.x86_64
cups-libs-2.2.6-38.el8.x86_64
kernel-devel-4.18.0-305.19.1.el8_4.x86_64
kmod-kvdo-6.2.4.26-77.el8.x86_64
vim-filesystem-8.0.1763-15.el8.noarch
policycoreutils-python-utils-2.9-14.el8.noarch
rust-srpm-macros-5-2.el8.noarch
tree-1.7.0-15.el8.x86_64
rpcbind-1.2.5-8.el8.x86_64
PackageKit-glib-1.1.12-6.el8.x86_64
libsoup-2.62.3-2.el8.x86_64
unbound-libs-1.7.3-15.el8.x86_64
iscsi-initiator-utils-iscsiuio-6.2.1.2-1.gita8fcb37.el8.x86_64
sssd-client-2.4.0-9.el8_4.2.x86_64
sssd-ldap-2.4.0-9.el8_4.2.x86_64
sscg-2.3.3-14.el8.x86_64
device-mapper-multipath-libs-0.8.4-10.el8.x86_64
dhcp-libs-4.3.6-44.0.1.el8.x86_64
libusbx-1.0.23-4.el8.x86_64
librepo-1.12.0-3.el8.x86_64
python3-hawkey-0.55.0-7.el8.x86_64
binutils-2.30-93.el8.x86_64
samba-common-4.13.3-4.el8_4.noarch
libsmbclient-4.13.3-4.el8_4.x86_64
teamd-1.31-2.el8.x86_64
python3-pexpect-4.3.1-3.el8.noarch
python3-lxml-4.2.3-2.el8.x86_64
kernel-tools-4.18.0-305.19.1.el8_4.x86_64
dnf-4.4.2-11.el8.noarch
python3-sssdconfig-2.4.0-9.el8_4.2.noarch
python3-firewall-0.8.2-7.el8_4.noarch
libX11-common-1.6.8-4.el8.noarch
cairo-1.15.12-3.el8.x86_64
setroubleshoot-plugins-3.3.13-1.el8.noarch
geolite2-city-20180605-1.el8.noarch
bind-utils-9.11.26-4.el8_4.x86_64
authselect-1.2.2-2.el8.x86_64
tuned-2.15.0-2.el8_4.1.noarch
samba-4.13.3-4.el8_4.x86_64
fcoe-utils-1.0.33-3.git848bcc6.el8.x86_64
vdo-6.2.4.14-14.el8.x86_64
openssh-clients-8.0p1-6.el8_4.2.x86_64
avahi-0.7-20.el8.x86_64
libcroco-0.6.12-4.el8_2.1.x86_64
mdadm-4.1-16.el8_4.x86_64
smartmontools-7.1-1.el8.x86_64
grub2-tools-efi-2.02-99.el8_4.1.x86_64
elfutils-0.182-3.el8.x86_64
perl-Math-Complex-1.59-419.el8_4.1.noarch
rsync-3.1.3-12.el8.x86_64
unzip-6.0-45.el8_4.x86_64
lsscsi-0.32-2.el8.x86_64
iwl6000g2b-firmware-18.168.6.1-102.el8.1.noarch
iwl5000-firmware-8.83.5.1_1-102.el8.1.noarch
iwl2030-firmware-18.168.6.1-102.el8.1.noarch
iwl1000-firmware-39.31.5.1-102.el8.1.noarch
perl-Thread-Queue-3.13-1.el8.noarch
mailcap-2.1.48-3.el8.noarch
libbabeltrace-1.5.4-3.el8.x86_64
java-1.8.0-openjdk-headless-1.8.0.302.b08-0.el8_4.x86_64
basesystem-11-5.el8.noarch
python3-unbound-1.7.3-15.el8.x86_64
libidn-1.34-5.el8.x86_64
ncurses-libs-6.1-7.20180224.el8.x86_64
sssd-common-2.4.0-9.el8_4.2.x86_64
guile-2.0.14-7.el8.x86_64
git-core-2.27.0-1.el8.x86_64
tpm2-tss-2.3.2-3.el8.x86_64
urw-base35-gothic-fonts-20170801-10.el8.noarch
hwdata-0.314-8.8.el8.noarch
info-6.5-6.el8.x86_64
dhcp-client-4.3.6-44.0.1.el8.x86_64
kernel-core-4.18.0-193.el8.x86_64
libXft-2.3.3-1.el8.x86_64
dejavu-fonts-common-2.35-7.el8.noarch
libdnf-0.55.0-7.el8.x86_64
isl-0.16.1-6.el8.x86_64
firewalld-filesystem-0.8.2-7.el8_4.noarch
centos-logos-85.8-1.el8.x86_64
harfbuzz-1.7.5-3.el8.x86_64
pcre2-10.32-2.el8.x86_64
samba-libs-4.13.3-4.el8_4.x86_64
efi-srpm-macros-3-3.el8.noarch
zlib-1.2.11-17.el8.x86_64
sos-4.0-12.el8_4.noarch
dyninst-10.2.1-2.el8.x86_64
libtevent-0.10.2-2.el8.x86_64
libaio-0.3.112-1.el8.x86_64
python3-libcomps-0.1.11-5.el8.x86_64
rpm-build-4.14.3-14.el8_4.x86_64
gawk-4.2.1-2.el8.x86_64
python3-syspurpose-1.28.13-4.el8_4.x86_64
kernel-modules-4.18.0-193.el8.x86_64
elfutils-libelf-devel-0.182-3.el8.x86_64
file-5.33-16.el8_3.1.x86_64
libnl3-cli-3.5.0-1.el8.x86_64
libX11-1.6.8-4.el8.x86_64
python3-dateutil-2.6.1-6.el8.noarch
diffstat-1.61-7.el8.x86_64
dmidecode-3.2-8.el8.x86_64
libconfig-1.5-9.el8.x86_64
setroubleshoot-server-3.3.24-3.el8.x86_64
python3-dbus-1.2.4-15.el8.x86_64
boost-stacktrace-1.66.0-10.el8.x86_64
libseccomp-2.5.1-1.el8.x86_64
libedit-3.1-23.20170329cvs.el8.x86_64
sssd-ad-2.4.0-9.el8_4.2.x86_64
boost-iostreams-1.66.0-10.el8.x86_64
perl-IO-1.38-419.el8_4.1.x86_64
lzo-2.08-14.el8.x86_64
dnf-plugins-core-4.0.18-4.el8.noarch
ncurses-c++-libs-6.1-7.20180224.el8.x86_64
sqlite-3.26.0-13.el8.x86_64
sssd-kcm-2.4.0-9.el8_4.2.x86_64
checkpolicy-2.9-1.el8.x86_64
mpfr-3.1.6-1.el8.x86_64
openssh-server-8.0p1-6.el8_4.2.x86_64
libnghttp2-1.33.0-3.el8_2.1.x86_64
libmodulemd1-1.8.16-0.2.9.4.2.x86_64
xkeyboard-config-2.28-1.el8.noarch
dracut-config-rescue-049-135.git20210121.el8.x86_64
rdma-core-32.0-4.el8.x86_64
perl-threads-2.21-2.el8.x86_64
strace-5.7-2.1.el8_4.x86_64
grubby-8.40-41.el8.x86_64
perl-Math-BigInt-1.9998.11-7.el8.noarch
iprutils-2.4.19-1.el8.x86_64
crypto-policies-20210209-1.gitbfb6bed.el8_3.noarch
perl-podlators-4.11-1.el8.noarch
libertas-usb8388-firmware-20201218-102.git05789708.el8.noarch
rpm-4.14.3-14.el8_4.x86_64
pigz-2.4-4.el8.x86_64
iwl4965-firmware-228.61.2.24-102.el8.1.noarch
libblkid-2.32.1-27.el8.x86_64
hardlink-1.3-6.el8.x86_64
iwl100-firmware-39.31.5.1-102.el8.1.noarch
cryptsetup-libs-2.3.3-4.el8.x86_64
libpciaccess-0.14-1.el8.x86_64
libICE-1.0.9-15.el8.x86_64
dracut-049-135.git20210121.el8.x86_64
libXt-1.1.5-12.el8.x86_64
libldb-2.2.0-2.el8.x86_64
libXrandr-1.5.2-1.el8.x86_64
iotop-0.6-16.el8.noarch
python3-libselinux-2.9-5.el8.x86_64
python3-rpm-macros-3-41.el8.noarch
prefixdevname-0.1.0-6.el8.x86_64
NetworkManager-libnm-1.30.0-10.el8_4.x86_64
jasper-libs-2.0.14-4.el8.x86_64
bash-completion-2.7-5.el8.noarch
fontconfig-2.13.1-3.el8.x86_64
docbook-dtds-1.0-69.el8.noarch
nfs4-acl-tools-0.3.5-3.el8.x86_64
sssd-nfs-idmap-2.4.0-9.el8_4.2.x86_64
gettext-common-devel-0.19.8.1-17.el8.noarch
hostname-3.20-6.el8.x86_64
python3-policycoreutils-2.9-14.el8.noarch
qt5-srpm-macros-5.12.5-3.el8.noarch
words-3.0-28.el8.noarch
selinux-policy-targeted-3.14.3-67.el8_4.2.noarch
openjpeg2-2.3.1-6.el8.x86_64
initscripts-10.00.15-1.el8.x86_64
libpaper-1.1.24-22.el8.x86_64
publicsuffix-list-dafsa-20180723-1.el8.noarch
dracut-squash-049-135.git20210121.el8.x86_64
xorg-x11-fonts-ISO8859-1-100dpi-7.5-19.el8.noarch
gpg-pubkey-8483c65d-5ccc5b19
sudo-1.8.29-7.el8.x86_64
libXxf86misc-1.0.4-1.el8.x86_64
perl-TermReadKey-2.37-7.el8.x86_64
perl-Exporter-5.72-396.el8.noarch
grub2-tools-extra-2.02-99.el8_4.1.x86_64
urw-base35-nimbus-sans-fonts-20170801-10.el8.noarch
libmbim-1.20.2-1.el8.x86_64
abattis-cantarell-fonts-0.0.25-6.el8.noarch
bzip2-libs-1.0.6-26.el8.x86_64
gnupg2-2.2.20-2.el8.x86_64
jbigkit-libs-2.1-14.el8.x86_64
quota-nls-4.04-12.el8.noarch
jansson-2.11-3.el8.x86_64
rpm-build-libs-4.14.3-14.el8_4.x86_64
gcc-gdb-plugin-8.4.1-1.el8.x86_64
centos-gpg-keys-8-3.el8.noarch
libref_array-0.1.5-39.el8.x86_64
samba-common-libs-4.13.3-4.el8_4.x86_64
ghc-srpm-macros-1.4.2-7.el8.noarch
glibc-langpack-ru-2.28-151.el8.x86_64
gmp-6.1.2-10.el8.x86_64
python3-psutil-5.4.3-10.el8.x86_64
ctags-5.8-22.el8.x86_64
libcap-2.26-4.el8.x86_64
libunistring-0.9.9-3.el8.x86_64
python3-bind-9.11.26-4.el8_4.noarch
adobe-mappings-pdf-20180407-1.el8.noarch
libstdc++-8.4.1-1.el8.x86_64
findutils-4.6.0-20.el8.x86_64
python3-linux-procfs-0.6.3-1.el8.noarch
libtool-2.4.6-25.el8.x86_64
libgcrypt-1.8.5-4.el8.x86_64
python3-tracer-0.7.5-2.el8.noarch
flex-2.6.1-9.el8.x86_64
libmbim-utils-1.20.2-1.el8.x86_64
p11-kit-0.23.22-1.el8.x86_64
groff-base-1.22.3-18.el8.x86_64
python3-cairo-1.16.3-6.el8.x86_64
boost-coroutine-1.66.0-10.el8.x86_64
lldpad-1.0.1-13.git036e314.el8.x86_64
p11-kit-trust-0.23.22-1.el8.x86_64
perl-Text-ParseWords-3.30-395.el8.noarch
bind-libs-lite-9.11.26-4.el8_4.x86_64
boost-random-1.66.0-10.el8.x86_64
squashfs-tools-4.3-20.el8.x86_64
cockpit-238.2-1.el8.x86_64
boost-1.66.0-10.el8.x86_64
perl-DBD-SQLite-1.58-2.module_el8.1.0+207+bdacd7b7.x86_64
slang-2.3.2-3.el8.x86_64
chrony-3.5-2.el8.x86_64
libselinux-utils-2.9-5.el8.x86_64
gdbm-1.18-1.el8.x86_64
glusterfs-fuse-6.0-49.1.el8.x86_64
memstrack-0.1.11-1.el8.x86_64
gsettings-desktop-schemas-3.32.0-5.el8.x86_64
libsss_nss_idmap-2.4.0-9.el8_4.2.x86_64
mozjs60-60.9.0-4.el8.x86_64
net-tools-2.0-0.52.20160912git.el8.x86_64
cyrus-sasl-lib-2.1.27-5.el8.x86_64
perl-Unicode-Normalize-1.25-396.el8.x86_64
e2fsprogs-1.45.6-1.el8.x86_64
iptables-libs-1.8.4-17.el8.x86_64
perl-MIME-Base64-3.15-396.el8.x86_64
lshw-B.02.19.2-5.el8.x86_64
libarchive-3.3.3-1.el8.x86_64
perl-Time-Local-1.280-1.el8.noarch
jimtcl-0.77-6.el8.x86_64
procps-ng-3.3.15-6.el8.x86_64
iwl6000-firmware-9.221.4.1-102.el8.1.noarch
dbus-libs-1.12.8-12.el8_4.2.x86_64
less-530-1.el8.x86_64
iwl135-firmware-18.168.6.1-102.el8.1.noarch
audit-3.0-0.17.20191104git1c2f876.el8.x86_64
openssl-libs-1.1.1g-15.el8_3.x86_64
nss-util-3.67.0-6.el8_4.x86_64
kbd-2.0.4-10.el8.x86_64
pkgconf-1.4.2-1.el8.x86_64
libXcursor-1.1.15-3.el8.x86_64
dbus-1.12.8-12.el8_4.2.x86_64
npth-1.5-4.el8.x86_64
libtool-ltdl-2.4.6-25.el8.x86_64
libmodulemd-2.9.4-2.el8.x86_64
adobe-mappings-cmap-20171205-3.el8.noarch
parted-3.2-38.el8.x86_64
libsolv-0.7.16-2.el8.x86_64
cpp-8.4.1-1.el8.x86_64
python3-libstoragemgmt-clibs-1.8.7-1.el8.x86_64
nss-tools-3.67.0-6.el8_4.x86_64
nano-2.9.8-1.el8.x86_64
libnfsidmap-2.3.3-41.el8_4.2.x86_64
libxcrypt-devel-4.1.1-4.el8.x86_64
time-1.9-3.el8.x86_64
glusterfs-client-xlators-6.0-49.1.el8.x86_64
tzdata-java-2021c-1.el8.noarch
setserial-2.17-45.el8.x86_64
lvm2-libs-2.03.11-5.el8.x86_64
