package: gcc-8.4.1-1.el8.x86_64
  dependency: /bin/sh
   provider: bash-4.4.20-1.el8_4.x86_64
  dependency: /sbin/install-info
   provider: info-6.5-6.el8.x86_64
  dependency: binutils >= 2.30-17
   provider: binutils-2.30-93.el8.x86_64
  dependency: cpp = 8.4.1-1.el8
   provider: cpp-8.4.1-1.el8.x86_64
  dependency: glibc-devel >= 2.2.90-12
   provider: glibc-devel-2.28-151.el8.i686
   provider: glibc-devel-2.28-151.el8.x86_64
  dependency: ld-linux-x86-64.so.2()(64bit)
   provider: glibc-2.28-151.el8.x86_64
  dependency: ld-linux-x86-64.so.2(GLIBC_2.3)(64bit)
   provider: glibc-2.28-151.el8.x86_64
  dependency: libc.so.6(GLIBC_2.14)(64bit)
   provider: glibc-2.28-151.el8.x86_64
  dependency: libdl.so.2()(64bit)
   provider: glibc-2.28-151.el8.x86_64
  dependency: libdl.so.2(GLIBC_2.2.5)(64bit)
   provider: glibc-2.28-151.el8.x86_64
  dependency: libgcc >= 8.4.1-1.el8
   provider: libgcc-8.4.1-1.el8.i686
   provider: libgcc-8.4.1-1.el8.x86_64
  dependency: libgmp.so.10()(64bit)
   provider: gmp-1:6.1.2-10.el8.x86_64
  dependency: libgomp = 8.4.1-1.el8
   provider: libgomp-8.4.1-1.el8.i686
   provider: libgomp-8.4.1-1.el8.x86_64
  dependency: libgomp.so.1()(64bit)
   provider: libgomp-8.4.1-1.el8.x86_64
  dependency: libisl.so.15()(64bit)
   provider: isl-0.16.1-6.el8.x86_64
  dependency: libm.so.6()(64bit)
   provider: glibc-2.28-151.el8.x86_64
  dependency: libm.so.6(GLIBC_2.2.5)(64bit)
   provider: glibc-2.28-151.el8.x86_64
  dependency: libmpc.so.3()(64bit)
   provider: libmpc-1.1.0-9.1.el8.x86_64
  dependency: libmpfr.so.4()(64bit)
   provider: mpfr-3.1.6-1.el8.x86_64
  dependency: libz.so.1()(64bit)
   provider: zlib-1.2.11-17.el8.x86_64
  dependency: rtld(GNU_HASH)
   provider: glibc-2.28-151.el8.i686
   provider: glibc-2.28-151.el8.x86_64
